{"C:\\Users\\vitor\\OneDrive\\Área de Trabalho\\Pokemon\\ProjetoPokemonEntrevista\\src\\main.tsx": {"path":"C:\\Users\\vitor\\OneDrive\\Área de Trabalho\\Pokemon\\ProjetoPokemonEntrevista\\src\\main.tsx","statementMap":{"0":{"start":{"line":1,"column":0},"end":{"line":1,"column":26}},"1":{"start":{"line":2,"column":0},"end":{"line":2,"column":40}},"2":{"start":{"line":3,"column":0},"end":{"line":3,"column":33}},"3":{"start":{"line":4,"column":0},"end":{"line":4,"column":55}},"4":{"start":{"line":6,"column":0},"end":{"line":12,"column":2}}},"fnMap":{},"branchMap":{},"s":{"0":0,"1":0,"2":0,"3":0,"4":0},"f":{},"b":{}}
,"C:\\Users\\vitor\\OneDrive\\Área de Trabalho\\Pokemon\\ProjetoPokemonEntrevista\\src\\routes.tsx": {"path":"C:\\Users\\vitor\\OneDrive\\Área de Trabalho\\Pokemon\\ProjetoPokemonEntrevista\\src\\routes.tsx","statementMap":{"0":{"start":{"line":1,"column":0},"end":{"line":1,"column":74}},"1":{"start":{"line":2,"column":0},"end":{"line":2,"column":50}},"2":{"start":{"line":3,"column":0},"end":{"line":3,"column":48}},"3":{"start":{"line":4,"column":0},"end":{"line":4,"column":50}},"4":{"start":{"line":6,"column":18},"end":{"line":16,"column":1}},"5":{"start":{"line":7,"column":2},"end":{"line":15,"column":4}},"6":{"start":{"line":18,"column":0},"end":{"line":18,"column":25}}},"fnMap":{"0":{"name":"(anonymous_1)","decl":{"start":{"line":6,"column":18},"end":{"line":6,"column":21}},"loc":{"start":{"line":6,"column":23},"end":{"line":16,"column":1}}}},"branchMap":{},"s":{"0":0,"1":0,"2":0,"3":0,"4":0,"5":0,"6":0},"f":{"0":0},"b":{}}
,"C:\\Users\\vitor\\OneDrive\\Área de Trabalho\\Pokemon\\ProjetoPokemonEntrevista\\src\\components\\ThemeSwitcher.tsx": {"path":"C:\\Users\\vitor\\OneDrive\\Área de Trabalho\\Pokemon\\ProjetoPokemonEntrevista\\src\\components\\ThemeSwitcher.tsx","statementMap":{"0":{"start":{"line":1,"column":0},"end":{"line":1,"column":51}},"1":{"start":{"line":2,"column":0},"end":{"line":2,"column":36}},"2":{"start":{"line":4,"column":22},"end":{"line":13,"column":1}},"3":{"start":{"line":5,"column":33},"end":{"line":5,"column":43}},"4":{"start":{"line":7,"column":2},"end":{"line":12,"column":4}},"5":{"start":{"line":15,"column":0},"end":{"line":15,"column":29}}},"fnMap":{"0":{"name":"(anonymous_0)","decl":{"start":{"line":4,"column":22},"end":{"line":4,"column":25}},"loc":{"start":{"line":4,"column":27},"end":{"line":13,"column":1}}}},"branchMap":{},"s":{"0":3,"1":3,"2":3,"3":10,"4":10,"5":3},"f":{"0":10},"b":{}}
,"C:\\Users\\vitor\\OneDrive\\Área de Trabalho\\Pokemon\\ProjetoPokemonEntrevista\\src\\context\\ThemeContext.tsx": {"path":"C:\\Users\\vitor\\OneDrive\\Área de Trabalho\\Pokemon\\ProjetoPokemonEntrevista\\src\\context\\ThemeContext.tsx","statementMap":{"0":{"start":{"line":1,"column":0},"end":{"line":1,"column":71}},"1":{"start":{"line":2,"column":0},"end":{"line":2,"column":73}},"2":{"start":{"line":3,"column":0},"end":{"line":3,"column":28}},"3":{"start":{"line":5,"column":19},"end":{"line":8,"column":2}},"4":{"start":{"line":10,"column":18},"end":{"line":13,"column":2}},"5":{"start":{"line":20,"column":21},"end":{"line":20,"column":75}},"6":{"start":{"line":26,"column":29},"end":{"line":70,"column":1}},"7":{"start":{"line":27,"column":28},"end":{"line":27,"column":63}},"8":{"start":{"line":29,"column":22},"end":{"line":31,"column":3}},"9":{"start":{"line":30,"column":4},"end":{"line":30,"column":72}},"10":{"start":{"line":30,"column":29},"end":{"line":30,"column":69}},"11":{"start":{"line":33,"column":2},"end":{"line":69,"column":4}},"12":{"start":{"line":26,"column":13},"end":{"line":26,"column":29}},"13":{"start":{"line":72,"column":24},"end":{"line":78,"column":1}},"14":{"start":{"line":73,"column":18},"end":{"line":73,"column":42}},"15":{"start":{"line":74,"column":2},"end":{"line":76,"column":3}},"16":{"start":{"line":75,"column":4},"end":{"line":75,"column":68}},"17":{"start":{"line":77,"column":2},"end":{"line":77,"column":17}},"18":{"start":{"line":72,"column":13},"end":{"line":72,"column":24}}},"fnMap":{"0":{"name":"(anonymous_0)","decl":{"start":{"line":26,"column":29},"end":{"line":26,"column":30}},"loc":{"start":{"line":26,"column":66},"end":{"line":70,"column":1}}},"1":{"name":"(anonymous_1)","decl":{"start":{"line":29,"column":22},"end":{"line":29,"column":25}},"loc":{"start":{"line":29,"column":27},"end":{"line":31,"column":3}}},"2":{"name":"(anonymous_2)","decl":{"start":{"line":30,"column":13},"end":{"line":30,"column":14}},"loc":{"start":{"line":30,"column":29},"end":{"line":30,"column":69}}},"3":{"name":"(anonymous_3)","decl":{"start":{"line":72,"column":24},"end":{"line":72,"column":27}},"loc":{"start":{"line":72,"column":29},"end":{"line":78,"column":1}}}},"branchMap":{"0":{"loc":{"start":{"line":30,"column":29},"end":{"line":30,"column":69}},"type":"cond-expr","locations":[{"start":{"line":30,"column":53},"end":{"line":30,"column":59}},{"start":{"line":30,"column":62},"end":{"line":30,"column":69}}]},"1":{"loc":{"start":{"line":35,"column":34},"end":{"line":35,"column":76}},"type":"cond-expr","locations":[{"start":{"line":35,"column":54},"end":{"line":35,"column":64}},{"start":{"line":35,"column":67},"end":{"line":35,"column":76}}]},"2":{"loc":{"start":{"line":37,"column":21},"end":{"line":37,"column":69}},"type":"cond-expr","locations":[{"start":{"line":37,"column":41},"end":{"line":37,"column":54}},{"start":{"line":37,"column":57},"end":{"line":37,"column":69}}]},"3":{"loc":{"start":{"line":39,"column":29},"end":{"line":39,"column":103}},"type":"cond-expr","locations":[{"start":{"line":39,"column":49},"end":{"line":39,"column":75}},{"start":{"line":39,"column":78},"end":{"line":39,"column":103}}]},"4":{"loc":{"start":{"line":74,"column":2},"end":{"line":76,"column":3}},"type":"if","locations":[{"start":{"line":74,"column":2},"end":{"line":76,"column":3}}]}},"s":{"0":3,"1":3,"2":3,"3":3,"4":3,"5":3,"6":3,"7":4,"8":4,"9":1,"10":1,"11":4,"12":3,"13":3,"14":19,"15":19,"16":0,"17":19,"18":3},"f":{"0":4,"1":1,"2":1,"3":19},"b":{"0":[1,0],"1":[3,1],"2":[3,1],"3":[3,1],"4":[0]}}
,"C:\\Users\\vitor\\OneDrive\\Área de Trabalho\\Pokemon\\ProjetoPokemonEntrevista\\src\\pages\\DetailsScreen.tsx": {"path":"C:\\Users\\vitor\\OneDrive\\Área de Trabalho\\Pokemon\\ProjetoPokemonEntrevista\\src\\pages\\DetailsScreen.tsx","statementMap":{"0":{"start":{"line":1,"column":0},"end":{"line":1,"column":44}},"1":{"start":{"line":2,"column":0},"end":{"line":2,"column":58}},"2":{"start":{"line":3,"column":0},"end":{"line":3,"column":51}},"3":{"start":{"line":4,"column":0},"end":{"line":4,"column":56}},"4":{"start":{"line":5,"column":0},"end":{"line":5,"column":65}},"5":{"start":{"line":6,"column":0},"end":{"line":6,"column":30}},"6":{"start":{"line":30,"column":46},"end":{"line":49,"column":2}},"7":{"start":{"line":51,"column":22},"end":{"line":140,"column":1}},"8":{"start":{"line":52,"column":17},"end":{"line":52,"column":44}},"9":{"start":{"line":53,"column":19},"end":{"line":53,"column":32}},"10":{"start":{"line":54,"column":32},"end":{"line":54,"column":69}},"11":{"start":{"line":55,"column":46},"end":{"line":55,"column":78}},"12":{"start":{"line":56,"column":20},"end":{"line":56,"column":30}},"13":{"start":{"line":58,"column":2},"end":{"line":93,"column":11}},"14":{"start":{"line":59,"column":31},"end":{"line":91,"column":5}},"15":{"start":{"line":60,"column":6},"end":{"line":60,"column":22}},"16":{"start":{"line":60,"column":15},"end":{"line":60,"column":22}},"17":{"start":{"line":61,"column":6},"end":{"line":90,"column":7}},"18":{"start":{"line":62,"column":21},"end":{"line":62,"column":50}},"19":{"start":{"line":63,"column":8},"end":{"line":63,"column":25}},"20":{"start":{"line":66,"column":32},"end":{"line":66,"column":61}},"21":{"start":{"line":67,"column":28},"end":{"line":67,"column":56}},"22":{"start":{"line":68,"column":34},"end":{"line":68,"column":78}},"23":{"start":{"line":69,"column":30},"end":{"line":69,"column":60}},"24":{"start":{"line":71,"column":34},"end":{"line":81,"column":9}},"25":{"start":{"line":72,"column":10},"end":{"line":72,"column":40}},"26":{"start":{"line":72,"column":22},"end":{"line":72,"column":40}},"27":{"start":{"line":73,"column":30},"end":{"line":73,"column":48}},"28":{"start":{"line":74,"column":34},"end":{"line":74,"column":97}},"29":{"start":{"line":75,"column":30},"end":{"line":75,"column":58}},"30":{"start":{"line":76,"column":10},"end":{"line":76,"column":92}},"31":{"start":{"line":77,"column":10},"end":{"line":79,"column":11}},"32":{"start":{"line":78,"column":12},"end":{"line":78,"column":53}},"33":{"start":{"line":80,"column":10},"end":{"line":80,"column":28}},"34":{"start":{"line":83,"column":8},"end":{"line":87,"column":9}},"35":{"start":{"line":84,"column":27},"end":{"line":84,"column":75}},"36":{"start":{"line":85,"column":10},"end":{"line":85,"column":72}},"37":{"start":{"line":85,"column":48},"end":{"line":85,"column":70}},"38":{"start":{"line":86,"column":10},"end":{"line":86,"column":40}},"39":{"start":{"line":89,"column":8},"end":{"line":89,"column":68}},"40":{"start":{"line":92,"column":4},"end":{"line":92,"column":25}},"41":{"start":{"line":95,"column":2},"end":{"line":97,"column":3}},"42":{"start":{"line":96,"column":4},"end":{"line":96,"column":52}},"43":{"start":{"line":99,"column":2},"end":{"line":139,"column":4}},"44":{"start":{"line":112,"column":12},"end":{"line":113,"column":null}},"45":{"start":{"line":125,"column":14},"end":{"line":125,"column":31}},"46":{"start":{"line":125,"column":73},"end":{"line":125,"column":105}},"47":{"start":{"line":136,"column":55},"end":{"line":136,"column":67}},"48":{"start":{"line":142,"column":0},"end":{"line":142,"column":29}}},"fnMap":{"0":{"name":"(anonymous_1)","decl":{"start":{"line":51,"column":22},"end":{"line":51,"column":25}},"loc":{"start":{"line":51,"column":27},"end":{"line":140,"column":1}}},"1":{"name":"(anonymous_2)","decl":{"start":{"line":58,"column":12},"end":{"line":58,"column":15}},"loc":{"start":{"line":58,"column":17},"end":{"line":93,"column":3}}},"2":{"name":"(anonymous_3)","decl":{"start":{"line":59,"column":31},"end":{"line":59,"column":36}},"loc":{"start":{"line":59,"column":42},"end":{"line":91,"column":5}}},"3":{"name":"(anonymous_4)","decl":{"start":{"line":71,"column":34},"end":{"line":71,"column":39}},"loc":{"start":{"line":71,"column":103},"end":{"line":81,"column":9}}},"4":{"name":"(anonymous_5)","decl":{"start":{"line":85,"column":41},"end":{"line":85,"column":44}},"loc":{"start":{"line":85,"column":48},"end":{"line":85,"column":70}}},"5":{"name":"(anonymous_6)","decl":{"start":{"line":111,"column":29},"end":{"line":111,"column":30}},"loc":{"start":{"line":112,"column":12},"end":{"line":113,"column":null}}},"6":{"name":"(anonymous_7)","decl":{"start":{"line":124,"column":31},"end":{"line":124,"column":32}},"loc":{"start":{"line":125,"column":14},"end":{"line":125,"column":31}}},"7":{"name":"(anonymous_8)","decl":{"start":{"line":125,"column":67},"end":{"line":125,"column":70}},"loc":{"start":{"line":125,"column":73},"end":{"line":125,"column":105}}},"8":{"name":"(anonymous_9)","decl":{"start":{"line":136,"column":49},"end":{"line":136,"column":52}},"loc":{"start":{"line":136,"column":55},"end":{"line":136,"column":67}}}},"branchMap":{"0":{"loc":{"start":{"line":60,"column":6},"end":{"line":60,"column":22}},"type":"if","locations":[{"start":{"line":60,"column":6},"end":{"line":60,"column":22}}]},"1":{"loc":{"start":{"line":71,"column":64},"end":{"line":71,"column":99}},"type":"default-arg","locations":[{"start":{"line":71,"column":97},"end":{"line":71,"column":99}}]},"2":{"loc":{"start":{"line":72,"column":10},"end":{"line":72,"column":40}},"type":"if","locations":[{"start":{"line":72,"column":10},"end":{"line":72,"column":40}}]},"3":{"loc":{"start":{"line":83,"column":8},"end":{"line":87,"column":9}},"type":"if","locations":[{"start":{"line":83,"column":8},"end":{"line":87,"column":9}}]},"4":{"loc":{"start":{"line":95,"column":2},"end":{"line":97,"column":3}},"type":"if","locations":[{"start":{"line":95,"column":2},"end":{"line":97,"column":3}}]},"5":{"loc":{"start":{"line":115,"column":40},"end":{"line":115,"column":73}},"type":"binary-expr","locations":[{"start":{"line":115,"column":40},"end":{"line":115,"column":63}},{"start":{"line":115,"column":67},"end":{"line":115,"column":73}}]},"6":{"loc":{"start":{"line":123,"column":11},"end":{"line":131,"column":null}},"type":"cond-expr","locations":[{"start":{"line":124,"column":12},"end":{"line":129,"column":14}},{"start":{"line":131,"column":12},"end":{"line":131,"column":32}}]}},"s":{"0":1,"1":1,"2":1,"3":1,"4":1,"5":1,"6":1,"7":1,"8":1,"9":1,"10":1,"11":1,"12":1,"13":1,"14":1,"15":1,"16":1,"17":0,"18":0,"19":0,"20":0,"21":0,"22":0,"23":0,"24":0,"25":0,"26":0,"27":0,"28":0,"29":0,"30":0,"31":0,"32":0,"33":0,"34":0,"35":0,"36":0,"37":0,"38":0,"39":0,"40":1,"41":1,"42":1,"43":0,"44":0,"45":0,"46":0,"47":0,"48":1},"f":{"0":1,"1":1,"2":1,"3":0,"4":0,"5":0,"6":0,"7":0,"8":0},"b":{"0":[1],"1":[0],"2":[0],"3":[0],"4":[1],"5":[0,0],"6":[0,0]}}
,"C:\\Users\\vitor\\OneDrive\\Área de Trabalho\\Pokemon\\ProjetoPokemonEntrevista\\src\\pages\\InitialScreen.tsx": {"path":"C:\\Users\\vitor\\OneDrive\\Área de Trabalho\\Pokemon\\ProjetoPokemonEntrevista\\src\\pages\\InitialScreen.tsx","statementMap":{"0":{"start":{"line":1,"column":0},"end":{"line":1,"column":47}},"1":{"start":{"line":2,"column":0},"end":{"line":2,"column":30}},"2":{"start":{"line":3,"column":0},"end":{"line":3,"column":56}},"3":{"start":{"line":6,"column":22},"end":{"line":16,"column":1}},"4":{"start":{"line":7,"column":19},"end":{"line":7,"column":32}},"5":{"start":{"line":9,"column":2},"end":{"line":15,"column":4}},"6":{"start":{"line":13,"column":29},"end":{"line":13,"column":48}},"7":{"start":{"line":18,"column":0},"end":{"line":18,"column":29}}},"fnMap":{"0":{"name":"(anonymous_1)","decl":{"start":{"line":6,"column":22},"end":{"line":6,"column":25}},"loc":{"start":{"line":6,"column":27},"end":{"line":16,"column":1}}},"1":{"name":"(anonymous_2)","decl":{"start":{"line":13,"column":23},"end":{"line":13,"column":26}},"loc":{"start":{"line":13,"column":29},"end":{"line":13,"column":48}}}},"branchMap":{},"s":{"0":0,"1":0,"2":0,"3":0,"4":0,"5":0,"6":0,"7":0},"f":{"0":0,"1":0},"b":{}}
,"C:\\Users\\vitor\\OneDrive\\Área de Trabalho\\Pokemon\\ProjetoPokemonEntrevista\\src\\pages\\SearchScreen.tsx": {"path":"C:\\Users\\vitor\\OneDrive\\Área de Trabalho\\Pokemon\\ProjetoPokemonEntrevista\\src\\pages\\SearchScreen.tsx","statementMap":{"0":{"start":{"line":1,"column":0},"end":{"line":1,"column":44}},"1":{"start":{"line":2,"column":0},"end":{"line":2,"column":51}},"2":{"start":{"line":3,"column":0},"end":{"line":3,"column":47}},"3":{"start":{"line":4,"column":0},"end":{"line":4,"column":29}},"4":{"start":{"line":5,"column":0},"end":{"line":5,"column":56}},"5":{"start":{"line":13,"column":18},"end":{"line":16,"column":2}},"6":{"start":{"line":18,"column":21},"end":{"line":112,"column":1}},"7":{"start":{"line":19,"column":38},"end":{"line":19,"column":50}},"8":{"start":{"line":20,"column":42},"end":{"line":20,"column":54}},"9":{"start":{"line":21,"column":40},"end":{"line":21,"column":63}},"10":{"start":{"line":22,"column":40},"end":{"line":22,"column":51}},"11":{"start":{"line":23,"column":23},"end":{"line":23,"column":25}},"12":{"start":{"line":24,"column":20},"end":{"line":24,"column":30}},"13":{"start":{"line":25,"column":19},"end":{"line":25,"column":32}},"14":{"start":{"line":27,"column":2},"end":{"line":44,"column":9}},"15":{"start":{"line":28,"column":25},"end":{"line":42,"column":5}},"16":{"start":{"line":29,"column":6},"end":{"line":41,"column":7}},"17":{"start":{"line":30,"column":25},"end":{"line":30,"column":83}},"18":{"start":{"line":31,"column":21},"end":{"line":31,"column":42}},"19":{"start":{"line":32,"column":31},"end":{"line":36,"column":null}},"20":{"start":{"line":34,"column":36},"end":{"line":34,"column":60}},"21":{"start":{"line":35,"column":12},"end":{"line":35,"column":48}},"22":{"start":{"line":38,"column":8},"end":{"line":38,"column":39}},"23":{"start":{"line":40,"column":8},"end":{"line":40,"column":56}},"24":{"start":{"line":43,"column":4},"end":{"line":43,"column":19}},"25":{"start":{"line":46,"column":26},"end":{"line":50,"column":4}},"26":{"start":{"line":47,"column":24},"end":{"line":47,"column":85}},"27":{"start":{"line":48,"column":24},"end":{"line":48,"column":99}},"28":{"start":{"line":48,"column":63},"end":{"line":48,"column":91}},"29":{"start":{"line":49,"column":4},"end":{"line":49,"column":38}},"30":{"start":{"line":52,"column":26},"end":{"line":52,"column":52}},"31":{"start":{"line":53,"column":27},"end":{"line":53,"column":57}},"32":{"start":{"line":54,"column":23},"end":{"line":54,"column":79}},"33":{"start":{"line":55,"column":21},"end":{"line":55,"column":69}},"34":{"start":{"line":57,"column":2},"end":{"line":111,"column":4}},"35":{"start":{"line":65,"column":25},"end":{"line":65,"column":54}},"36":{"start":{"line":67,"column":31},"end":{"line":67,"column":62}},"37":{"start":{"line":70,"column":10},"end":{"line":70,"column":29}},"38":{"start":{"line":84,"column":16},"end":{"line":84,"column":null}},"39":{"start":{"line":87,"column":43},"end":{"line":87,"column":77}},"40":{"start":{"line":96,"column":29},"end":{"line":96,"column":74}},"41":{"start":{"line":96,"column":52},"end":{"line":96,"column":73}},"42":{"start":{"line":103,"column":29},"end":{"line":103,"column":83}},"43":{"start":{"line":103,"column":52},"end":{"line":103,"column":82}},"44":{"start":{"line":114,"column":0},"end":{"line":114,"column":28}}},"fnMap":{"0":{"name":"(anonymous_1)","decl":{"start":{"line":18,"column":21},"end":{"line":18,"column":24}},"loc":{"start":{"line":18,"column":26},"end":{"line":112,"column":1}}},"1":{"name":"(anonymous_2)","decl":{"start":{"line":27,"column":12},"end":{"line":27,"column":15}},"loc":{"start":{"line":27,"column":17},"end":{"line":44,"column":3}}},"2":{"name":"(anonymous_3)","decl":{"start":{"line":28,"column":25},"end":{"line":28,"column":30}},"loc":{"start":{"line":28,"column":36},"end":{"line":42,"column":5}}},"3":{"name":"(anonymous_4)","decl":{"start":{"line":33,"column":27},"end":{"line":33,"column":32}},"loc":{"start":{"line":33,"column":76},"end":{"line":36,"column":11}}},"4":{"name":"(anonymous_5)","decl":{"start":{"line":46,"column":45},"end":{"line":46,"column":52}},"loc":{"start":{"line":46,"column":55},"end":{"line":50,"column":3}}},"5":{"name":"(anonymous_6)","decl":{"start":{"line":48,"column":58},"end":{"line":48,"column":59}},"loc":{"start":{"line":48,"column":63},"end":{"line":48,"column":91}}},"6":{"name":"(anonymous_7)","decl":{"start":{"line":65,"column":18},"end":{"line":65,"column":19}},"loc":{"start":{"line":65,"column":25},"end":{"line":65,"column":54}}},"7":{"name":"(anonymous_8)","decl":{"start":{"line":67,"column":24},"end":{"line":67,"column":25}},"loc":{"start":{"line":67,"column":31},"end":{"line":67,"column":62}}},"8":{"name":"(anonymous_9)","decl":{"start":{"line":69,"column":23},"end":{"line":69,"column":27}},"loc":{"start":{"line":70,"column":10},"end":{"line":70,"column":29}}},"9":{"name":"(anonymous_10)","decl":{"start":{"line":83,"column":32},"end":{"line":83,"column":39}},"loc":{"start":{"line":84,"column":16},"end":{"line":84,"column":null}}},"10":{"name":"(anonymous_11)","decl":{"start":{"line":87,"column":37},"end":{"line":87,"column":40}},"loc":{"start":{"line":87,"column":43},"end":{"line":87,"column":77}}},"11":{"name":"(anonymous_12)","decl":{"start":{"line":96,"column":23},"end":{"line":96,"column":26}},"loc":{"start":{"line":96,"column":29},"end":{"line":96,"column":74}}},"12":{"name":"(anonymous_13)","decl":{"start":{"line":96,"column":44},"end":{"line":96,"column":48}},"loc":{"start":{"line":96,"column":52},"end":{"line":96,"column":73}}},"13":{"name":"(anonymous_14)","decl":{"start":{"line":103,"column":23},"end":{"line":103,"column":26}},"loc":{"start":{"line":103,"column":29},"end":{"line":103,"column":83}}},"14":{"name":"(anonymous_15)","decl":{"start":{"line":103,"column":44},"end":{"line":103,"column":48}},"loc":{"start":{"line":103,"column":52},"end":{"line":103,"column":82}}}},"branchMap":{"0":{"loc":{"start":{"line":48,"column":24},"end":{"line":48,"column":99}},"type":"cond-expr","locations":[{"start":{"line":48,"column":39},"end":{"line":48,"column":92}},{"start":{"line":48,"column":95},"end":{"line":48,"column":99}}]},"1":{"loc":{"start":{"line":49,"column":11},"end":{"line":49,"column":37}},"type":"binary-expr","locations":[{"start":{"line":49,"column":11},"end":{"line":49,"column":22}},{"start":{"line":49,"column":26},"end":{"line":49,"column":37}}]},"2":{"loc":{"start":{"line":73,"column":7},"end":{"line":108,"column":null}},"type":"binary-expr","locations":[{"start":{"line":73,"column":7},"end":{"line":73,"column":30}},{"start":{"line":74,"column":8},"end":{"line":107,"column":null}}]}},"s":{"0":1,"1":1,"2":1,"3":1,"4":1,"5":1,"6":1,"7":8,"8":8,"9":8,"10":8,"11":8,"12":8,"13":8,"14":8,"15":1,"16":1,"17":1,"18":1,"19":1,"20":1,"21":1,"22":0,"23":1,"24":1,"25":8,"26":0,"27":0,"28":0,"29":0,"30":8,"31":8,"32":8,"33":8,"34":8,"35":7,"36":0,"37":144,"38":0,"39":0,"40":0,"41":0,"42":0,"43":0,"44":1},"f":{"0":8,"1":1,"2":1,"3":1,"4":0,"5":0,"6":7,"7":0,"8":144,"9":0,"10":0,"11":0,"12":0,"13":0,"14":0},"b":{"0":[0,0],"1":[0,0],"2":[8,0]}}
,"C:\\Users\\vitor\\OneDrive\\Área de Trabalho\\Pokemon\\ProjetoPokemonEntrevista\\src\\services\\pokeApi.ts": {"path":"C:\\Users\\vitor\\OneDrive\\Área de Trabalho\\Pokemon\\ProjetoPokemonEntrevista\\src\\services\\pokeApi.ts","statementMap":{"0":{"start":{"line":6,"column":34},"end":{"line":15,"column":3}},"1":{"start":{"line":7,"column":4},"end":{"line":14,"column":5}},"2":{"start":{"line":8,"column":23},"end":{"line":8,"column":82}},"3":{"start":{"line":9,"column":19},"end":{"line":9,"column":40}},"4":{"start":{"line":10,"column":6},"end":{"line":10,"column":39}},"5":{"start":{"line":12,"column":6},"end":{"line":12,"column":54}},"6":{"start":{"line":13,"column":6},"end":{"line":13,"column":16}},"7":{"start":{"line":6,"column":15},"end":{"line":6,"column":34}}},"fnMap":{"0":{"name":"(anonymous_0)","decl":{"start":{"line":6,"column":34},"end":{"line":6,"column":39}},"loc":{"start":{"line":6,"column":65},"end":{"line":15,"column":3}}}},"branchMap":{},"s":{"0":0,"1":0,"2":0,"3":0,"4":0,"5":0,"6":0,"7":0},"f":{"0":0},"b":{}}
,"C:\\Users\\vitor\\OneDrive\\Área de Trabalho\\Pokemon\\ProjetoPokemonEntrevista\\src\\services\\pokemonService.ts": {"path":"C:\\Users\\vitor\\OneDrive\\Área de Trabalho\\Pokemon\\ProjetoPokemonEntrevista\\src\\services\\pokemonService.ts","statementMap":{"0":{"start":{"line":1,"column":35},"end":{"line":7,"column":1}},"1":{"start":{"line":2,"column":19},"end":{"line":2,"column":73}},"2":{"start":{"line":3,"column":2},"end":{"line":5,"column":3}},"3":{"start":{"line":4,"column":4},"end":{"line":4,"column":58}},"4":{"start":{"line":6,"column":2},"end":{"line":6,"column":31}},"5":{"start":{"line":1,"column":13},"end":{"line":1,"column":35}}},"fnMap":{"0":{"name":"(anonymous_0)","decl":{"start":{"line":1,"column":35},"end":{"line":1,"column":40}},"loc":{"start":{"line":1,"column":56},"end":{"line":7,"column":1}}}},"branchMap":{"0":{"loc":{"start":{"line":3,"column":2},"end":{"line":5,"column":3}},"type":"if","locations":[{"start":{"line":3,"column":2},"end":{"line":5,"column":3}}]}},"s":{"0":1,"1":0,"2":0,"3":0,"4":0,"5":1},"f":{"0":0},"b":{"0":[0]}}
}
