TN:
SF:src\main.tsx
FNF:0
FNH:0
DA:1,0
DA:2,0
DA:3,0
DA:4,0
DA:6,0
LF:5
LH:0
BRF:0
BRH:0
end_of_record
TN:
SF:src\routes.tsx
FN:6,(anonymous_1)
FNF:1
FNH:0
FNDA:0,(anonymous_1)
DA:1,0
DA:2,0
DA:3,0
DA:4,0
DA:6,0
DA:7,0
DA:18,0
LF:7
LH:0
BRF:0
BRH:0
end_of_record
TN:
SF:src\components\ThemeSwitcher.tsx
FN:4,(anonymous_0)
FNF:1
FNH:1
FNDA:10,(anonymous_0)
DA:1,3
DA:2,3
DA:4,3
DA:5,10
DA:7,10
DA:15,3
LF:6
LH:6
BRF:0
BRH:0
end_of_record
TN:
SF:src\context\ThemeContext.tsx
FN:26,(anonymous_0)
FN:29,(anonymous_1)
FN:30,(anonymous_2)
FN:72,(anonymous_3)
FNF:4
FNH:4
FNDA:4,(anonymous_0)
FNDA:1,(anonymous_1)
FNDA:1,(anonymous_2)
FNDA:19,(anonymous_3)
DA:1,3
DA:2,3
DA:3,3
DA:5,3
DA:10,3
DA:20,3
DA:26,3
DA:27,4
DA:29,4
DA:30,1
DA:33,4
DA:72,3
DA:73,19
DA:74,19
DA:75,0
DA:77,19
LF:16
LH:15
BRDA:30,0,0,1
BRDA:30,0,1,0
BRDA:35,1,0,3
BRDA:35,1,1,1
BRDA:37,2,0,3
BRDA:37,2,1,1
BRDA:39,3,0,3
BRDA:39,3,1,1
BRDA:74,4,0,0
BRF:9
BRH:7
end_of_record
TN:
SF:src\pages\DetailsScreen.tsx
FN:51,(anonymous_1)
FN:58,(anonymous_2)
FN:59,(anonymous_3)
FN:71,(anonymous_4)
FN:85,(anonymous_5)
FN:111,(anonymous_6)
FN:124,(anonymous_7)
FN:125,(anonymous_8)
FN:136,(anonymous_9)
FNF:9
FNH:3
FNDA:1,(anonymous_1)
FNDA:1,(anonymous_2)
FNDA:1,(anonymous_3)
FNDA:0,(anonymous_4)
FNDA:0,(anonymous_5)
FNDA:0,(anonymous_6)
FNDA:0,(anonymous_7)
FNDA:0,(anonymous_8)
FNDA:0,(anonymous_9)
DA:1,1
DA:2,1
DA:3,1
DA:4,1
DA:5,1
DA:6,1
DA:30,1
DA:51,1
DA:52,1
DA:53,1
DA:54,1
DA:55,1
DA:56,1
DA:58,1
DA:59,1
DA:60,1
DA:61,0
DA:62,0
DA:63,0
DA:66,0
DA:67,0
DA:68,0
DA:69,0
DA:71,0
DA:72,0
DA:73,0
DA:74,0
DA:75,0
DA:76,0
DA:77,0
DA:78,0
DA:80,0
DA:83,0
DA:84,0
DA:85,0
DA:86,0
DA:89,0
DA:92,1
DA:95,1
DA:96,1
DA:99,0
DA:112,0
DA:125,0
DA:136,0
DA:142,1
LF:45
LH:20
BRDA:60,0,0,1
BRDA:71,1,0,0
BRDA:72,2,0,0
BRDA:83,3,0,0
BRDA:95,4,0,1
BRDA:115,5,0,0
BRDA:115,5,1,0
BRDA:123,6,0,0
BRDA:123,6,1,0
BRF:9
BRH:2
end_of_record
TN:
SF:src\pages\InitialScreen.tsx
FN:6,(anonymous_1)
FN:13,(anonymous_2)
FNF:2
FNH:0
FNDA:0,(anonymous_1)
FNDA:0,(anonymous_2)
DA:1,0
DA:2,0
DA:3,0
DA:6,0
DA:7,0
DA:9,0
DA:13,0
DA:18,0
LF:8
LH:0
BRF:0
BRH:0
end_of_record
TN:
SF:src\pages\SearchScreen.tsx
FN:18,(anonymous_1)
FN:27,(anonymous_2)
FN:28,(anonymous_3)
FN:33,(anonymous_4)
FN:46,(anonymous_5)
FN:48,(anonymous_6)
FN:65,(anonymous_7)
FN:67,(anonymous_8)
FN:69,(anonymous_9)
FN:83,(anonymous_10)
FN:87,(anonymous_11)
FN:96,(anonymous_12)
FN:96,(anonymous_13)
FN:103,(anonymous_14)
FN:103,(anonymous_15)
FNF:15
FNH:6
FNDA:8,(anonymous_1)
FNDA:1,(anonymous_2)
FNDA:1,(anonymous_3)
FNDA:1,(anonymous_4)
FNDA:0,(anonymous_5)
FNDA:0,(anonymous_6)
FNDA:7,(anonymous_7)
FNDA:0,(anonymous_8)
FNDA:144,(anonymous_9)
FNDA:0,(anonymous_10)
FNDA:0,(anonymous_11)
FNDA:0,(anonymous_12)
FNDA:0,(anonymous_13)
FNDA:0,(anonymous_14)
FNDA:0,(anonymous_15)
DA:1,1
DA:2,1
DA:3,1
DA:4,1
DA:5,1
DA:13,1
DA:18,1
DA:19,8
DA:20,8
DA:21,8
DA:22,8
DA:23,8
DA:24,8
DA:25,8
DA:27,8
DA:28,1
DA:29,1
DA:30,1
DA:31,1
DA:32,1
DA:34,1
DA:35,1
DA:38,0
DA:40,1
DA:43,1
DA:46,8
DA:47,0
DA:48,0
DA:49,0
DA:52,8
DA:53,8
DA:54,8
DA:55,8
DA:57,8
DA:65,7
DA:67,0
DA:70,144
DA:84,0
DA:87,0
DA:96,0
DA:103,0
DA:114,1
LF:42
LH:33
BRDA:48,0,0,0
BRDA:48,0,1,0
BRDA:49,1,0,0
BRDA:49,1,1,0
BRDA:73,2,0,8
BRDA:73,2,1,0
BRF:6
BRH:1
end_of_record
TN:
SF:src\services\pokeApi.ts
FN:6,(anonymous_0)
FNF:1
FNH:0
FNDA:0,(anonymous_0)
DA:6,0
DA:7,0
DA:8,0
DA:9,0
DA:10,0
DA:12,0
DA:13,0
LF:7
LH:0
BRF:0
BRH:0
end_of_record
TN:
SF:src\services\pokemonService.ts
FN:1,(anonymous_0)
FNF:1
FNH:0
FNDA:0,(anonymous_0)
DA:1,1
DA:2,0
DA:3,0
DA:4,0
DA:6,0
LF:5
LH:1
BRDA:3,0,0,0
BRF:1
BRH:0
end_of_record
